2017/09/06 12:46:33 にビルドを開始しました。
     1>ノード 2 上のプロジェクト "D:\GE2A10\PG\Socket\TickTackToo_Client\TickTackToo_Client.vcxproj" (Build ターゲット)。
     1>ClCompile:
         C:\Program Files (x86)\Microsoft Visual Studio 12.0\VC\bin\CL.exe /c /Zi /nologo /W3 /WX- /O2 /Oi /Oy- /GL /D WIN32 /D NDEBUG /D _CONSOLE /D _LIB /D _UNICODE /D UNICODE /Gm- /EHsc /MD /GS /Gy /fp:precise /Zc:wchar_t /Zc:forScope /Fo"Release\\" /Fd"Release\vc120.pdb" /Gd /TP /analyze- /errorReport:prompt Source.cpp
         Source.cpp
     1>Source.cpp(91): warning C4244: '引数' : 'time_t' から 'unsigned int' への変換です。データが失われる可能性があります。
     1>Source.cpp(179): warning C4996: 'strtok': This function or variable may be unsafe. Consider using strtok_s instead. To disable deprecation, use _CRT_SECURE_NO_WARNINGS. See online help for details.
                 C:\Program Files (x86)\Microsoft Visual Studio 12.0\VC\include\string.h(204) : 'strtok' の宣言を確認してください。
     1>Source.cpp(180): warning C4996: 'strtok': This function or variable may be unsafe. Consider using strtok_s instead. To disable deprecation, use _CRT_SECURE_NO_WARNINGS. See online help for details.
                 C:\Program Files (x86)\Microsoft Visual Studio 12.0\VC\include\string.h(204) : 'strtok' の宣言を確認してください。
     1>Source.cpp(217): warning C4996: 'scanf': This function or variable may be unsafe. Consider using scanf_s instead. To disable deprecation, use _CRT_SECURE_NO_WARNINGS. See online help for details.
                 C:\Program Files (x86)\Microsoft Visual Studio 12.0\VC\include\stdio.h(283) : 'scanf' の宣言を確認してください。
     1>Source.cpp(235): warning C4996: 'scanf': This function or variable may be unsafe. Consider using scanf_s instead. To disable deprecation, use _CRT_SECURE_NO_WARNINGS. See online help for details.
                 C:\Program Files (x86)\Microsoft Visual Studio 12.0\VC\include\stdio.h(283) : 'scanf' の宣言を確認してください。
     1>Source.cpp(256): warning C4996: 'scanf': This function or variable may be unsafe. Consider using scanf_s instead. To disable deprecation, use _CRT_SECURE_NO_WARNINGS. See online help for details.
                 C:\Program Files (x86)\Microsoft Visual Studio 12.0\VC\include\stdio.h(283) : 'scanf' の宣言を確認してください。
     1>Source.cpp(274): warning C4996: 'scanf': This function or variable may be unsafe. Consider using scanf_s instead. To disable deprecation, use _CRT_SECURE_NO_WARNINGS. See online help for details.
                 C:\Program Files (x86)\Microsoft Visual Studio 12.0\VC\include\stdio.h(283) : 'scanf' の宣言を確認してください。
     1>Source.cpp(298): warning C4996: 'strcpy': This function or variable may be unsafe. Consider using strcpy_s instead. To disable deprecation, use _CRT_SECURE_NO_WARNINGS. See online help for details.
                 C:\Program Files (x86)\Microsoft Visual Studio 12.0\VC\include\string.h(112) : 'strcpy' の宣言を確認してください。
     1>Source.cpp(299): warning C4996: 'strcat': This function or variable may be unsafe. Consider using strcat_s instead. To disable deprecation, use _CRT_SECURE_NO_WARNINGS. See online help for details.
                 C:\Program Files (x86)\Microsoft Visual Studio 12.0\VC\include\string.h(118) : 'strcat' の宣言を確認してください。
     1>Source.cpp(300): warning C4996: 'strcat': This function or variable may be unsafe. Consider using strcat_s instead. To disable deprecation, use _CRT_SECURE_NO_WARNINGS. See online help for details.
                 C:\Program Files (x86)\Microsoft Visual Studio 12.0\VC\include\string.h(118) : 'strcat' の宣言を確認してください。
     1>Source.cpp(90): warning C4101: 'mesSize2' : ローカル変数は 1 度も使われていません。
     1>Source.cpp(90): warning C4101: 'mesMax' : ローカル変数は 1 度も使われていません。
     1>Source.cpp(83): warning C4101: 'key' : ローカル変数は 1 度も使われていません。
     1>Source.cpp(90): warning C4101: 'mesSize' : ローカル変数は 1 度も使われていません。
     1>Source.cpp(162): warning C4101: 'p' : ローカル変数は 1 度も使われていません。
     1>Source.cpp(163): warning C4101: 'q' : ローカル変数は 1 度も使われていません。
       Link:
         C:\Program Files (x86)\Microsoft Visual Studio 12.0\VC\bin\link.exe /ERRORREPORT:PROMPT /OUT:"D:\GE2A10\PG\Socket\TickTackToo_Client\Release\TickTackToo_Client.exe" /INCREMENTAL:NO /NOLOGO kernel32.lib user32.lib gdi32.lib winspool.lib comdlg32.lib advapi32.lib shell32.lib ole32.lib oleaut32.lib uuid.lib odbc32.lib odbccp32.lib /MANIFEST /MANIFESTUAC:"level='asInvoker' uiAccess='false'" /manifest:embed /DEBUG /PDB:"D:\GE2A10\PG\Socket\TickTackToo_Client\Release\TickTackToo_Client.pdb" /SUBSYSTEM:CONSOLE /OPT:REF /OPT:ICF /LTCG /TLBID:1 /DYNAMICBASE /NXCOMPAT /IMPLIB:"D:\GE2A10\PG\Socket\TickTackToo_Client\Release\TickTackToo_Client.lib" /MACHINE:X86 /SAFESEH Release\Source.obj
         コード生成しています。
         コード生成が終了しました。
         TickTackToo_Client.vcxproj -> D:\GE2A10\PG\Socket\TickTackToo_Client\Release\TickTackToo_Client.exe
     1>プロジェクト "D:\GE2A10\PG\Socket\TickTackToo_Client\TickTackToo_Client.vcxproj" (Build ターゲット) のビルドが完了しました。

ビルドに成功しました。

経過時間 00:00:00.68
