2017/09/11 15:10:23 にビルドを開始しました。
     1>ノード 2 上のプロジェクト "C:\Users\160214\Desktop\Socket\TickTackToo_Client\TickTackToo_Client.vcxproj" (Build ターゲット)。
     1>ClCompile:
         C:\Program Files (x86)\Microsoft Visual Studio 12.0\VC\bin\CL.exe /c /ZI /nologo /W3 /WX- /Od /Oy- /D WIN32 /D _DEBUG /D _CONSOLE /D _LIB /D _UNICODE /D UNICODE /Gm /EHsc /RTC1 /MDd /GS /fp:precise /Zc:wchar_t /Zc:forScope /Fo"Debug\\" /Fd"Debug\vc120.pdb" /Gd /TP /analyze- /errorReport:prompt Source.cpp
         Source.cpp
     1>c:\users\160214\desktop\socket\ticktacktoo_client\source.cpp(152): warning C4996: 'strtok': This function or variable may be unsafe. Consider using strtok_s instead. To disable deprecation, use _CRT_SECURE_NO_WARNINGS. See online help for details.
                 c:\program files (x86)\microsoft visual studio 12.0\vc\include\string.h(204) : 'strtok' の宣言を確認してください。
     1>c:\users\160214\desktop\socket\ticktacktoo_client\source.cpp(153): warning C4996: 'strtok': This function or variable may be unsafe. Consider using strtok_s instead. To disable deprecation, use _CRT_SECURE_NO_WARNINGS. See online help for details.
                 c:\program files (x86)\microsoft visual studio 12.0\vc\include\string.h(204) : 'strtok' の宣言を確認してください。
     1>c:\users\160214\desktop\socket\ticktacktoo_client\source.cpp(194): warning C4996: 'scanf': This function or variable may be unsafe. Consider using scanf_s instead. To disable deprecation, use _CRT_SECURE_NO_WARNINGS. See online help for details.
                 c:\program files (x86)\microsoft visual studio 12.0\vc\include\stdio.h(283) : 'scanf' の宣言を確認してください。
     1>c:\users\160214\desktop\socket\ticktacktoo_client\source.cpp(196): warning C4996: 'scanf': This function or variable may be unsafe. Consider using scanf_s instead. To disable deprecation, use _CRT_SECURE_NO_WARNINGS. See online help for details.
                 c:\program files (x86)\microsoft visual studio 12.0\vc\include\stdio.h(283) : 'scanf' の宣言を確認してください。
     1>c:\users\160214\desktop\socket\ticktacktoo_client\source.cpp(205): warning C4996: 'scanf': This function or variable may be unsafe. Consider using scanf_s instead. To disable deprecation, use _CRT_SECURE_NO_WARNINGS. See online help for details.
                 c:\program files (x86)\microsoft visual studio 12.0\vc\include\stdio.h(283) : 'scanf' の宣言を確認してください。
     1>c:\users\160214\desktop\socket\ticktacktoo_client\source.cpp(207): warning C4996: 'scanf': This function or variable may be unsafe. Consider using scanf_s instead. To disable deprecation, use _CRT_SECURE_NO_WARNINGS. See online help for details.
                 c:\program files (x86)\microsoft visual studio 12.0\vc\include\stdio.h(283) : 'scanf' の宣言を確認してください。
     1>c:\users\160214\desktop\socket\ticktacktoo_client\source.cpp(213): warning C4996: 'strcpy': This function or variable may be unsafe. Consider using strcpy_s instead. To disable deprecation, use _CRT_SECURE_NO_WARNINGS. See online help for details.
                 c:\program files (x86)\microsoft visual studio 12.0\vc\include\string.h(112) : 'strcpy' の宣言を確認してください。
     1>c:\users\160214\desktop\socket\ticktacktoo_client\source.cpp(214): warning C4996: 'strcat': This function or variable may be unsafe. Consider using strcat_s instead. To disable deprecation, use _CRT_SECURE_NO_WARNINGS. See online help for details.
                 c:\program files (x86)\microsoft visual studio 12.0\vc\include\string.h(118) : 'strcat' の宣言を確認してください。
     1>c:\users\160214\desktop\socket\ticktacktoo_client\source.cpp(215): warning C4996: 'strcat': This function or variable may be unsafe. Consider using strcat_s instead. To disable deprecation, use _CRT_SECURE_NO_WARNINGS. See online help for details.
                 c:\program files (x86)\microsoft visual studio 12.0\vc\include\string.h(118) : 'strcat' の宣言を確認してください。
     1>c:\users\160214\desktop\socket\ticktacktoo_client\source.cpp(91): warning C4101: 'mesSize2' : ローカル変数は 1 度も使われていません。
     1>c:\users\160214\desktop\socket\ticktacktoo_client\source.cpp(91): warning C4101: 'mesMax' : ローカル変数は 1 度も使われていません。
     1>c:\users\160214\desktop\socket\ticktacktoo_client\source.cpp(83): warning C4101: 'key' : ローカル変数は 1 度も使われていません。
     1>c:\users\160214\desktop\socket\ticktacktoo_client\source.cpp(91): warning C4101: 'mesSize' : ローカル変数は 1 度も使われていません。
     1>c:\users\160214\desktop\socket\ticktacktoo_client\source.cpp(138): warning C4101: 'p' : ローカル変数は 1 度も使われていません。
     1>c:\users\160214\desktop\socket\ticktacktoo_client\source.cpp(139): warning C4101: 'q' : ローカル変数は 1 度も使われていません。
       Link:
         C:\Program Files (x86)\Microsoft Visual Studio 12.0\VC\bin\link.exe /ERRORREPORT:PROMPT /OUT:"C:\Users\160214\Desktop\Socket\TickTackToo_Client\Debug\TickTackToo_Client.exe" /INCREMENTAL /NOLOGO kernel32.lib user32.lib gdi32.lib winspool.lib comdlg32.lib advapi32.lib shell32.lib ole32.lib oleaut32.lib uuid.lib odbc32.lib odbccp32.lib /MANIFEST /MANIFESTUAC:"level='asInvoker' uiAccess='false'" /manifest:embed /DEBUG /PDB:"C:\Users\160214\Desktop\Socket\TickTackToo_Client\Debug\TickTackToo_Client.pdb" /SUBSYSTEM:CONSOLE /TLBID:1 /DYNAMICBASE /NXCOMPAT /IMPLIB:"C:\Users\160214\Desktop\Socket\TickTackToo_Client\Debug\TickTackToo_Client.lib" /MACHINE:X86 Debug\Source.obj
         TickTackToo_Client.vcxproj -> C:\Users\160214\Desktop\Socket\TickTackToo_Client\Debug\TickTackToo_Client.exe
     1>プロジェクト "C:\Users\160214\Desktop\Socket\TickTackToo_Client\TickTackToo_Client.vcxproj" (Build ターゲット) のビルドが完了しました。

ビルドに成功しました。

経過時間 00:00:00.67
